<?xml version="1.0" encoding="UTF-8"?>
<!-- Generated by org.testng.reporters.JUnitReportReporter -->
<testsuite skipped="0" hostname="user-PC" name="com.tcs.sims.testcases.HeadlessTesting" tests="1" failures="0" timestamp="23 Jun 2018 15:03:42 GMT" time="10.177" errors="0">
  <testcase name="headLessTesting" time="10.177" classname="com.tcs.sims.testcases.HeadlessTesting"/>
</testsuite> <!-- com.tcs.sims.testcases.HeadlessTesting -->
