<?xml version="1.0" encoding="UTF-8"?>
<!-- Generated by org.testng.reporters.JUnitReportReporter -->
<testsuite skipped="1" hostname="user-PC" name="com.tcs.sims.testcases.FinancialReportTest" tests="2" failures="0" timestamp="29 Jul 2018 11:31:58 GMT" time="335.661" errors="0">
  <testcase name="financialReport" time="78.987" classname="com.tcs.sims.testcases.FinancialReportTest">
    <skipped/>
  </testcase> <!-- financialReport -->
  <testcase name="financialReport" time="256.674" classname="com.tcs.sims.testcases.FinancialReportTest"/>
</testsuite> <!-- com.tcs.sims.testcases.FinancialReportTest -->
