<?xml version="1.0" encoding="UTF-8"?>
<!-- Generated by org.testng.reporters.JUnitReportReporter -->
<testsuite skipped="0" hostname="user-PC" name="com.tcs.sims.testcases.seleniumgrid" tests="1" failures="0" timestamp="17 Jun 2018 13:00:27 GMT" time="20.293" errors="0">
  <testcase name="test1" time="20.293" classname="com.tcs.sims.testcases.seleniumgrid"/>
</testsuite> <!-- com.tcs.sims.testcases.seleniumgrid -->
