<?xml version="1.0" encoding="UTF-8"?>
<!-- Generated by org.testng.reporters.JUnitReportReporter -->
<testsuite skipped="0" hostname="user-PC" name="com.tcs.sims.testcases.PhantomJSheadLeassDriver" tests="1" failures="0" timestamp="24 Jun 2018 08:08:55 GMT" time="259.773" errors="0">
  <testcase name="headlessTesting" time="259.773" classname="com.tcs.sims.testcases.PhantomJSheadLeassDriver"/>
</testsuite> <!-- com.tcs.sims.testcases.PhantomJSheadLeassDriver -->
