<?xml version="1.0" encoding="UTF-8"?>
<!-- Generated by org.testng.reporters.JUnitReportReporter -->
<testsuite skipped="0" hostname="user-PC" name="com.tcs.sims.testcases.LoginPageTest" tests="1" failures="0" timestamp="10 Jun 2018 13:18:38 GMT" time="69.282" errors="0">
  <testcase name="loginTest" time="69.282" classname="com.tcs.sims.testcases.LoginPageTest"/>
</testsuite> <!-- com.tcs.sims.testcases.LoginPageTest -->
