<?xml version="1.0" encoding="UTF-8"?>
<!-- Generated by org.testng.reporters.JUnitReportReporter -->
<testsuite skipped="3" hostname="user-PC" name="com.tcs.sims.testcases.AdminBusinessParameterTest" tests="4" failures="0" timestamp="24 Jun 2018 17:49:10 GMT" time="9.614" errors="1">
  <testcase name="setUp" time="9.614" classname="com.tcs.sims.testcases.AdminBusinessParameterTest">
    <error type="java.lang.AbstractMethodError" message="com.tcs.sims.util.WebEventListener.beforeGetScreenshotAs(Lorg/openqa/selenium/OutputType;)V">
      <![CDATA[java.lang.AbstractMethodError: com.tcs.sims.util.WebEventListener.beforeGetScreenshotAs(Lorg/openqa/selenium/OutputType;)V
	at sun.reflect.NativeMethodAccessorImpl.invoke0(Native Method)
	at sun.reflect.NativeMethodAccessorImpl.invoke(NativeMethodAccessorImpl.java:62)
	at sun.reflect.DelegatingMethodAccessorImpl.invoke(DelegatingMethodAccessorImpl.java:43)
	at java.lang.reflect.Method.invoke(Method.java:498)
	at org.openqa.selenium.support.events.EventFiringWebDriver.lambda$new$0(EventFiringWebDriver.java:82)
	at com.sun.proxy.$Proxy8.beforeGetScreenshotAs(Unknown Source)
	at org.openqa.selenium.support.events.EventFiringWebDriver.getScreenshotAs(EventFiringWebDriver.java:285)
	at com.tcs.sims.util.TestUtil.takeScreenshotAtEndOfTest(TestUtil.java:66)
	at com.tcs.sims.util.WebEventListener.onException(WebEventListener.java:64)
	at sun.reflect.NativeMethodAccessorImpl.invoke0(Native Method)
	at sun.reflect.NativeMethodAccessorImpl.invoke(NativeMethodAccessorImpl.java:62)
	at sun.reflect.DelegatingMethodAccessorImpl.invoke(DelegatingMethodAccessorImpl.java:43)
	at java.lang.reflect.Method.invoke(Method.java:498)
	at org.openqa.selenium.support.events.EventFiringWebDriver.lambda$new$0(EventFiringWebDriver.java:82)
	at com.sun.proxy.$Proxy8.onException(Unknown Source)
	at org.openqa.selenium.support.events.EventFiringWebDriver.lambda$new$1(EventFiringWebDriver.java:105)
	at com.sun.proxy.$Proxy9.get(Unknown Source)
	at org.openqa.selenium.support.events.EventFiringWebDriver.get(EventFiringWebDriver.java:161)
	at com.tcs.sims.base.TestBase.initialization(TestBase.java:96)
	at com.tcs.sims.testcases.AdminBusinessParameterTest.setUp(AdminBusinessParameterTest.java:36)
	at sun.reflect.NativeMethodAccessorImpl.invoke0(Native Method)
	at sun.reflect.NativeMethodAccessorImpl.invoke(NativeMethodAccessorImpl.java:62)
	at sun.reflect.DelegatingMethodAccessorImpl.invoke(DelegatingMethodAccessorImpl.java:43)
	at java.lang.reflect.Method.invoke(Method.java:498)
	at org.testng.internal.MethodInvocationHelper.invokeMethod(MethodInvocationHelper.java:108)
	at org.testng.internal.Invoker.invokeConfigurationMethod(Invoker.java:523)
	at org.testng.internal.Invoker.invokeConfigurations(Invoker.java:224)
	at org.testng.internal.Invoker.invokeMethod(Invoker.java:599)
	at org.testng.internal.Invoker.invokeTestMethod(Invoker.java:869)
	at org.testng.internal.Invoker.invokeTestMethods(Invoker.java:1193)
	at org.testng.internal.TestMethodWorker.invokeTestMethods(TestMethodWorker.java:126)
	at org.testng.internal.TestMethodWorker.run(TestMethodWorker.java:109)
	at org.testng.TestRunner.privateRun(TestRunner.java:744)
	at org.testng.TestRunner.run(TestRunner.java:602)
	at org.testng.SuiteRunner.runTest(SuiteRunner.java:380)
	at org.testng.SuiteRunner.access$000(SuiteRunner.java:39)
	at org.testng.SuiteRunner$SuiteWorker.run(SuiteRunner.java:414)
	at org.testng.internal.thread.ThreadUtil$1.call(ThreadUtil.java:52)
	at java.util.concurrent.FutureTask.run(FutureTask.java:266)
	at java.util.concurrent.ThreadPoolExecutor.runWorker(ThreadPoolExecutor.java:1142)
	at java.util.concurrent.ThreadPoolExecutor$Worker.run(ThreadPoolExecutor.java:617)
	at java.lang.Thread.run(Thread.java:748)
]]>
    </error>
  </testcase> <!-- setUp -->
  <testcase name="uploadFile" time="0.000" classname="com.tcs.sims.testcases.AdminBusinessParameterTest">
    <skipped/>
  </testcase> <!-- uploadFile -->
  <testcase name="businessParameter" time="0.000" classname="com.tcs.sims.testcases.AdminBusinessParameterTest">
    <skipped/>
  </testcase> <!-- businessParameter -->
  <testcase name="loginTest" time="0.000" classname="com.tcs.sims.testcases.AdminBusinessParameterTest">
    <skipped/>
  </testcase> <!-- loginTest -->
</testsuite> <!-- com.tcs.sims.testcases.AdminBusinessParameterTest -->
