<?xml version="1.0" encoding="UTF-8"?>
<!-- Generated by org.testng.reporters.JUnitReportReporter -->
<testsuite skipped="0" hostname="user-PC" name="com.tcs.sims.testcases.FinancialReportTest" tests="1" failures="0" timestamp="29 Jul 2018 16:39:11 GMT" time="219.247" errors="0">
  <testcase name="financialReport" time="219.247" classname="com.tcs.sims.testcases.FinancialReportTest"/>
</testsuite> <!-- com.tcs.sims.testcases.FinancialReportTest -->
